<?xml version="1.0" encoding="UTF-8"?>
<testsuite xmlns:xsi="http://www.w3.org/2001/XMLSchema-instance" xsi:noNamespaceSchemaLocation="https://maven.apache.org/surefire/maven-surefire-plugin/xsd/surefire-test-report.xsd" name="com.example.ddd.acl.port.user.userRepositoryTests" time="0.235" tests="8" errors="2" skipped="0" failures="0">
  <properties>
    <property name="gopherProxySet" value="false"/>
    <property name="awt.toolkit" value="sun.lwawt.macosx.LWCToolkit"/>
    <property name="socksProxyHost" value="127.0.0.1"/>
    <property name="http.proxyHost" value="127.0.0.1"/>
    <property name="java.specification.version" value="1.8"/>
    <property name="file.encoding.pkg" value="sun.io"/>
    <property name="sun.cpu.isalist" value=""/>
    <property name="sun.jnu.encoding" value="UTF-8"/>
    <property name="java.class.path" value="/Users/guoming/Workspace/Codes/github.com/guoming/java-ddd-template/java-ddd-template-mod-acl/target/test-classes:/Users/guoming/Workspace/Codes/github.com/guoming/java-ddd-template/java-ddd-template-mod-acl/target/classes:/Users/guoming/.m2/repository/org/springframework/spring-tx/5.3.19/spring-tx-5.3.19.jar:/Users/guoming/.m2/repository/org/springframework/spring-beans/5.3.19/spring-beans-5.3.19.jar:/Users/guoming/.m2/repository/org/springframework/spring-core/5.3.19/spring-core-5.3.19.jar:/Users/guoming/.m2/repository/org/springframework/spring-jcl/5.3.19/spring-jcl-5.3.19.jar:/Users/guoming/.m2/repository/com/baomidou/mybatis-plus-boot-starter/3.4.0/mybatis-plus-boot-starter-3.4.0.jar:/Users/guoming/.m2/repository/org/springframework/boot/spring-boot-autoconfigure/2.6.7/spring-boot-autoconfigure-2.6.7.jar:/Users/guoming/.m2/repository/org/springframework/boot/spring-boot/2.6.7/spring-boot-2.6.7.jar:/Users/guoming/.m2/repository/org/springframework/spring-context/5.3.19/spring-context-5.3.19.jar:/Users/guoming/.m2/repository/org/springframework/spring-aop/5.3.19/spring-aop-5.3.19.jar:/Users/guoming/.m2/repository/org/springframework/spring-expression/5.3.19/spring-expression-5.3.19.jar:/Users/guoming/.m2/repository/org/springframework/boot/spring-boot-starter-jdbc/2.6.7/spring-boot-starter-jdbc-2.6.7.jar:/Users/guoming/.m2/repository/org/springframework/boot/spring-boot-starter/2.6.7/spring-boot-starter-2.6.7.jar:/Users/guoming/.m2/repository/org/springframework/boot/spring-boot-starter-logging/2.6.7/spring-boot-starter-logging-2.6.7.jar:/Users/guoming/.m2/repository/ch/qos/logback/logback-classic/1.2.11/logback-classic-1.2.11.jar:/Users/guoming/.m2/repository/ch/qos/logback/logback-core/1.2.11/logback-core-1.2.11.jar:/Users/guoming/.m2/repository/org/apache/logging/log4j/log4j-to-slf4j/2.17.2/log4j-to-slf4j-2.17.2.jar:/Users/guoming/.m2/repository/org/apache/logging/log4j/log4j-api/2.17.2/log4j-api-2.17.2.jar:/Users/guoming/.m2/repository/org/slf4j/jul-to-slf4j/1.7.36/jul-to-slf4j-1.7.36.jar:/Users/guoming/.m2/repository/jakarta/annotation/jakarta.annotation-api/1.3.5/jakarta.annotation-api-1.3.5.jar:/Users/guoming/.m2/repository/org/yaml/snakeyaml/1.29/snakeyaml-1.29.jar:/Users/guoming/.m2/repository/com/zaxxer/HikariCP/4.0.3/HikariCP-4.0.3.jar:/Users/guoming/.m2/repository/org/springframework/spring-jdbc/5.3.19/spring-jdbc-5.3.19.jar:/Users/guoming/.m2/repository/com/baomidou/mybatis-plus/3.5.1/mybatis-plus-3.5.1.jar:/Users/guoming/.m2/repository/com/baomidou/mybatis-plus-extension/3.5.1/mybatis-plus-extension-3.5.1.jar:/Users/guoming/.m2/repository/com/baomidou/mybatis-plus-core/3.5.1/mybatis-plus-core-3.5.1.jar:/Users/guoming/.m2/repository/com/baomidou/mybatis-plus-annotation/3.5.1/mybatis-plus-annotation-3.5.1.jar:/Users/guoming/.m2/repository/com/github/jsqlparser/jsqlparser/4.3/jsqlparser-4.3.jar:/Users/guoming/.m2/repository/org/mybatis/mybatis/3.5.9/mybatis-3.5.9.jar:/Users/guoming/.m2/repository/org/mybatis/mybatis-spring/2.0.6/mybatis-spring-2.0.6.jar:/Users/guoming/.m2/repository/mysql/mysql-connector-java/8.0.29/mysql-connector-java-8.0.29.jar:/Users/guoming/.m2/repository/com/google/protobuf/protobuf-java/3.19.4/protobuf-java-3.19.4.jar:/Users/guoming/.m2/repository/com/alibaba/druid-spring-boot-starter/1.2.8/druid-spring-boot-starter-1.2.8.jar:/Users/guoming/.m2/repository/com/alibaba/druid/1.2.8/druid-1.2.8.jar:/Users/guoming/.m2/repository/org/slf4j/slf4j-api/1.7.36/slf4j-api-1.7.36.jar:/Users/guoming/.m2/repository/com/h2database/h2/1.4.200/h2-1.4.200.jar:/Users/guoming/.m2/repository/org/projectlombok/lombok/1.18.24/lombok-1.18.24.jar:/Users/guoming/.m2/repository/junit/junit/4.13.2/junit-4.13.2.jar:/Users/guoming/.m2/repository/org/hamcrest/hamcrest-core/2.2/hamcrest-core-2.2.jar:/Users/guoming/.m2/repository/org/hamcrest/hamcrest/2.2/hamcrest-2.2.jar:"/>
    <property name="https.proxyPort" value="7890"/>
    <property name="java.vm.vendor" value="Oracle Corporation"/>
    <property name="sun.arch.data.model" value="64"/>
    <property name="java.vendor.url" value="http://java.oracle.com/"/>
    <property name="user.timezone" value=""/>
    <property name="java.vm.specification.version" value="1.8"/>
    <property name="os.name" value="Mac OS X"/>
    <property name="user.country" value="CN"/>
    <property name="sun.java.launcher" value="SUN_STANDARD"/>
    <property name="sun.boot.library.path" value="/Library/Java/JavaVirtualMachines/jdk1.8.0_301.jdk/Contents/Home/jre/lib"/>
    <property name="sun.java.command" value="/Users/guoming/Workspace/Codes/github.com/guoming/java-ddd-template/java-ddd-template-mod-acl/target/surefire/surefirebooter4208374365613047343.jar /Users/guoming/Workspace/Codes/github.com/guoming/java-ddd-template/java-ddd-template-mod-acl/target/surefire 2022-05-22T01-10-28_856-jvmRun1 surefire2568772764877577525tmp surefire_05634463049410015657tmp"/>
    <property name="http.nonProxyHosts" value="192.168.0.0/16|*.192.168.0.0/16|10.0.0.0/8|*.10.0.0.0/8|172.16.0.0/12|*.172.16.0.0/12|127.0.0.1|localhost|*.localhost|local|*.local|timestamp.apple.com|*.timestamp.apple.com"/>
    <property name="surefire.test.class.path" value="/Users/guoming/Workspace/Codes/github.com/guoming/java-ddd-template/java-ddd-template-mod-acl/target/test-classes:/Users/guoming/Workspace/Codes/github.com/guoming/java-ddd-template/java-ddd-template-mod-acl/target/classes:/Users/guoming/.m2/repository/org/springframework/spring-tx/5.3.19/spring-tx-5.3.19.jar:/Users/guoming/.m2/repository/org/springframework/spring-beans/5.3.19/spring-beans-5.3.19.jar:/Users/guoming/.m2/repository/org/springframework/spring-core/5.3.19/spring-core-5.3.19.jar:/Users/guoming/.m2/repository/org/springframework/spring-jcl/5.3.19/spring-jcl-5.3.19.jar:/Users/guoming/.m2/repository/com/baomidou/mybatis-plus-boot-starter/3.4.0/mybatis-plus-boot-starter-3.4.0.jar:/Users/guoming/.m2/repository/org/springframework/boot/spring-boot-autoconfigure/2.6.7/spring-boot-autoconfigure-2.6.7.jar:/Users/guoming/.m2/repository/org/springframework/boot/spring-boot/2.6.7/spring-boot-2.6.7.jar:/Users/guoming/.m2/repository/org/springframework/spring-context/5.3.19/spring-context-5.3.19.jar:/Users/guoming/.m2/repository/org/springframework/spring-aop/5.3.19/spring-aop-5.3.19.jar:/Users/guoming/.m2/repository/org/springframework/spring-expression/5.3.19/spring-expression-5.3.19.jar:/Users/guoming/.m2/repository/org/springframework/boot/spring-boot-starter-jdbc/2.6.7/spring-boot-starter-jdbc-2.6.7.jar:/Users/guoming/.m2/repository/org/springframework/boot/spring-boot-starter/2.6.7/spring-boot-starter-2.6.7.jar:/Users/guoming/.m2/repository/org/springframework/boot/spring-boot-starter-logging/2.6.7/spring-boot-starter-logging-2.6.7.jar:/Users/guoming/.m2/repository/ch/qos/logback/logback-classic/1.2.11/logback-classic-1.2.11.jar:/Users/guoming/.m2/repository/ch/qos/logback/logback-core/1.2.11/logback-core-1.2.11.jar:/Users/guoming/.m2/repository/org/apache/logging/log4j/log4j-to-slf4j/2.17.2/log4j-to-slf4j-2.17.2.jar:/Users/guoming/.m2/repository/org/apache/logging/log4j/log4j-api/2.17.2/log4j-api-2.17.2.jar:/Users/guoming/.m2/repository/org/slf4j/jul-to-slf4j/1.7.36/jul-to-slf4j-1.7.36.jar:/Users/guoming/.m2/repository/jakarta/annotation/jakarta.annotation-api/1.3.5/jakarta.annotation-api-1.3.5.jar:/Users/guoming/.m2/repository/org/yaml/snakeyaml/1.29/snakeyaml-1.29.jar:/Users/guoming/.m2/repository/com/zaxxer/HikariCP/4.0.3/HikariCP-4.0.3.jar:/Users/guoming/.m2/repository/org/springframework/spring-jdbc/5.3.19/spring-jdbc-5.3.19.jar:/Users/guoming/.m2/repository/com/baomidou/mybatis-plus/3.5.1/mybatis-plus-3.5.1.jar:/Users/guoming/.m2/repository/com/baomidou/mybatis-plus-extension/3.5.1/mybatis-plus-extension-3.5.1.jar:/Users/guoming/.m2/repository/com/baomidou/mybatis-plus-core/3.5.1/mybatis-plus-core-3.5.1.jar:/Users/guoming/.m2/repository/com/baomidou/mybatis-plus-annotation/3.5.1/mybatis-plus-annotation-3.5.1.jar:/Users/guoming/.m2/repository/com/github/jsqlparser/jsqlparser/4.3/jsqlparser-4.3.jar:/Users/guoming/.m2/repository/org/mybatis/mybatis/3.5.9/mybatis-3.5.9.jar:/Users/guoming/.m2/repository/org/mybatis/mybatis-spring/2.0.6/mybatis-spring-2.0.6.jar:/Users/guoming/.m2/repository/mysql/mysql-connector-java/8.0.29/mysql-connector-java-8.0.29.jar:/Users/guoming/.m2/repository/com/google/protobuf/protobuf-java/3.19.4/protobuf-java-3.19.4.jar:/Users/guoming/.m2/repository/com/alibaba/druid-spring-boot-starter/1.2.8/druid-spring-boot-starter-1.2.8.jar:/Users/guoming/.m2/repository/com/alibaba/druid/1.2.8/druid-1.2.8.jar:/Users/guoming/.m2/repository/org/slf4j/slf4j-api/1.7.36/slf4j-api-1.7.36.jar:/Users/guoming/.m2/repository/com/h2database/h2/1.4.200/h2-1.4.200.jar:/Users/guoming/.m2/repository/org/projectlombok/lombok/1.18.24/lombok-1.18.24.jar:/Users/guoming/.m2/repository/junit/junit/4.13.2/junit-4.13.2.jar:/Users/guoming/.m2/repository/org/hamcrest/hamcrest-core/2.2/hamcrest-core-2.2.jar:/Users/guoming/.m2/repository/org/hamcrest/hamcrest/2.2/hamcrest-2.2.jar:"/>
    <property name="sun.cpu.endian" value="little"/>
    <property name="user.home" value="/Users/guoming"/>
    <property name="user.language" value="zh"/>
    <property name="java.specification.vendor" value="Oracle Corporation"/>
    <property name="java.home" value="/Library/Java/JavaVirtualMachines/jdk1.8.0_301.jdk/Contents/Home/jre"/>
    <property name="basedir" value="/Users/guoming/Workspace/Codes/github.com/guoming/java-ddd-template/java-ddd-template-mod-acl"/>
    <property name="https.proxyHost" value="127.0.0.1"/>
    <property name="file.separator" value="/"/>
    <property name="line.separator" value="&#10;"/>
    <property name="java.vm.specification.vendor" value="Oracle Corporation"/>
    <property name="java.specification.name" value="Java Platform API Specification"/>
    <property name="java.awt.graphicsenv" value="sun.awt.CGraphicsEnvironment"/>
    <property name="surefire.real.class.path" value="/Users/guoming/Workspace/Codes/github.com/guoming/java-ddd-template/java-ddd-template-mod-acl/target/surefire/surefirebooter4208374365613047343.jar"/>
    <property name="sun.boot.class.path" value="/Library/Java/JavaVirtualMachines/jdk1.8.0_301.jdk/Contents/Home/jre/lib/resources.jar:/Library/Java/JavaVirtualMachines/jdk1.8.0_301.jdk/Contents/Home/jre/lib/rt.jar:/Library/Java/JavaVirtualMachines/jdk1.8.0_301.jdk/Contents/Home/jre/lib/sunrsasign.jar:/Library/Java/JavaVirtualMachines/jdk1.8.0_301.jdk/Contents/Home/jre/lib/jsse.jar:/Library/Java/JavaVirtualMachines/jdk1.8.0_301.jdk/Contents/Home/jre/lib/jce.jar:/Library/Java/JavaVirtualMachines/jdk1.8.0_301.jdk/Contents/Home/jre/lib/charsets.jar:/Library/Java/JavaVirtualMachines/jdk1.8.0_301.jdk/Contents/Home/jre/lib/jfr.jar:/Library/Java/JavaVirtualMachines/jdk1.8.0_301.jdk/Contents/Home/jre/classes"/>
    <property name="sun.management.compiler" value="HotSpot 64-Bit Tiered Compilers"/>
    <property name="ftp.nonProxyHosts" value="192.168.0.0/16|*.192.168.0.0/16|10.0.0.0/8|*.10.0.0.0/8|172.16.0.0/12|*.172.16.0.0/12|127.0.0.1|localhost|*.localhost|local|*.local|timestamp.apple.com|*.timestamp.apple.com"/>
    <property name="java.runtime.version" value="1.8.0_301-b09"/>
    <property name="user.name" value="guoming"/>
    <property name="path.separator" value=":"/>
    <property name="os.version" value="10.16"/>
    <property name="java.endorsed.dirs" value="/Library/Java/JavaVirtualMachines/jdk1.8.0_301.jdk/Contents/Home/jre/lib/endorsed"/>
    <property name="java.runtime.name" value="Java(TM) SE Runtime Environment"/>
    <property name="file.encoding" value="UTF-8"/>
    <property name="java.vm.name" value="Java HotSpot(TM) 64-Bit Server VM"/>
    <property name="localRepository" value="/Users/guoming/.m2/repository"/>
    <property name="java.vendor.url.bug" value="http://bugreport.sun.com/bugreport/"/>
    <property name="java.io.tmpdir" value="/var/folders/92/4bxbwyk168b_t9jfmvv4tjbw0000gn/T/"/>
    <property name="idea.version" value="2022.1.1"/>
    <property name="java.version" value="1.8.0_301"/>
    <property name="user.dir" value="/Users/guoming/Workspace/Codes/github.com/guoming/java-ddd-template/java-ddd-template-mod-acl"/>
    <property name="os.arch" value="x86_64"/>
    <property name="socksProxyPort" value="7890"/>
    <property name="java.vm.specification.name" value="Java Virtual Machine Specification"/>
    <property name="java.awt.printerjob" value="sun.lwawt.macosx.CPrinterJob"/>
    <property name="sun.os.patch.level" value="unknown"/>
    <property name="java.library.path" value="/Users/guoming/Library/Java/Extensions:/Library/Java/Extensions:/Network/Library/Java/Extensions:/System/Library/Java/Extensions:/usr/lib/java:."/>
    <property name="java.vm.info" value="mixed mode"/>
    <property name="java.vendor" value="Oracle Corporation"/>
    <property name="java.vm.version" value="25.301-b09"/>
    <property name="java.ext.dirs" value="/Users/guoming/Library/Java/Extensions:/Library/Java/JavaVirtualMachines/jdk1.8.0_301.jdk/Contents/Home/jre/lib/ext:/Library/Java/Extensions:/Network/Library/Java/Extensions:/System/Library/Java/Extensions:/usr/lib/java"/>
    <property name="sun.io.unicode.encoding" value="UnicodeBig"/>
    <property name="java.class.version" value="52.0"/>
    <property name="socksNonProxyHosts" value="192.168.0.0/16|*.192.168.0.0/16|10.0.0.0/8|*.10.0.0.0/8|172.16.0.0/12|*.172.16.0.0/12|127.0.0.1|localhost|*.localhost|local|*.local|timestamp.apple.com|*.timestamp.apple.com"/>
    <property name="http.proxyPort" value="7890"/>
  </properties>
  <testcase name="selectById[0 should_1_true]" classname="com.example.ddd.acl.port.user.userRepositoryTests" time="0.005"/>
  <testcase name="insert[0 should_1_true]" classname="com.example.ddd.acl.port.user.userRepositoryTests" time="0.005">
    <error type="java.lang.NullPointerException">java.lang.NullPointerException
	at com.example.ddd.acl.port.user.userRepositoryTests.insert(userRepositoryTests.java:84)
</error>
    <system-out><![CDATA[01:10:30.931 [main] DEBUG com.example.ddd.acl.port.user.userRepositoryTests - before
01:10:30.932 [main] DEBUG com.example.ddd.acl.port.user.userRepositoryTests - after
]]></system-out>
  </testcase>
  <testcase name="update[0 should_1_true]" classname="com.example.ddd.acl.port.user.userRepositoryTests" time="0.001"/>
  <testcase name="deleteById[0 should_1_true]" classname="com.example.ddd.acl.port.user.userRepositoryTests" time="0"/>
  <testcase name="selectById[1 should_2_true]" classname="com.example.ddd.acl.port.user.userRepositoryTests" time="0.001"/>
  <testcase name="insert[1 should_2_true]" classname="com.example.ddd.acl.port.user.userRepositoryTests" time="0">
    <error type="java.lang.NullPointerException">java.lang.NullPointerException
	at com.example.ddd.acl.port.user.userRepositoryTests.insert(userRepositoryTests.java:84)
</error>
    <system-out><![CDATA[01:10:30.938 [main] DEBUG com.example.ddd.acl.port.user.userRepositoryTests - before
01:10:30.938 [main] DEBUG com.example.ddd.acl.port.user.userRepositoryTests - after
]]></system-out>
  </testcase>
  <testcase name="update[1 should_2_true]" classname="com.example.ddd.acl.port.user.userRepositoryTests" time="0.001"/>
  <testcase name="deleteById[1 should_2_true]" classname="com.example.ddd.acl.port.user.userRepositoryTests" time="0"/>
</testsuite>